<?xml version="1.0" encoding="UTF-8"?>
<!-- Generated by org.testng.reporters.JUnitXMLReporter -->
<testsuite hostname="MyMacs-MBP-2.fios-router.home" name="Verizon Wireless Regresiion Test Suite" tests="8" failures="5" timestamp="12 Jul 2020 02:19:18 GMT" time="305.63" errors="0">
  <testcase name="phoneFeaturesPageVerify" time="0.019" classname="com.qa.verizonwireless.tests.PhoneFeaturesPageTest">
    <failure type="java.lang.AssertionError" message="expected [Verizon Wireless, Smartphone Deals &amp;amp; Plans | First to 5G] but found [Verizon: Wireless, Internet, TV and Phone Services | Official Site]">
      <![CDATA[java.lang.AssertionError: expected [Verizon Wireless, Smartphone Deals & Plans | First to 5G] but found [Verizon: Wireless, Internet, TV and Phone Services | Official Site]
	at com.qa.verizonwireless.tests.PhoneFeaturesPageTest.phoneFeaturesPageVerify(PhoneFeaturesPageTest.java:42)
... Removed 30 stack frames]]>
    </failure>
  </testcase> <!-- phoneFeaturesPageVerify -->
  <testcase name="PageClicksTest" time="108.346" classname="com.qa.verizonwireless.tests.PhoneFeaturesPageTest"/>
  <testcase name="FinalPageVerify" time="20.26" classname="com.qa.verizonwireless.tests.FinalPageTest">
    <failure type="org.openqa.selenium.NoSuchWindowException" message="no such window: target window already closed
from unknown error: web view not found
  (Session info: chrome=83.0.4103.116)
Build info: version: &amp;apos;3.141.59&amp;apos;, revision: &amp;apos;e82be7d358&amp;apos;, time: &amp;apos;2018-11-14T08:17:03&amp;apos;
System info: host: &amp;apos;MyMacs-MBP-2.fios-router.home&amp;apos;, ip: &amp;apos;192.168.1.167&amp;apos;, os.name: &amp;apos;Mac OS X&amp;apos;, os.arch: &amp;apos;x86_64&amp;apos;, os.version: &amp;apos;10.13.6&amp;apos;, java.version: &amp;apos;1.8.0_251&amp;apos;
Driver info: org.openqa.selenium.chrome.ChromeDriver
Capabilities {acceptInsecureCerts: false, browserName: chrome, browserVersion: 83.0.4103.116, chrome: {chromedriverVersion: 83.0.4103.39 (ccbf011cb2d2b..., userDataDir: /var/folders/2z/z5lj_rjd6dv...}, goog:chromeOptions: {debuggerAddress: localhost:53868}, javascriptEnabled: true, networkConnectionEnabled: false, pageLoadStrategy: normal, platform: MAC, platformName: MAC, proxy: Proxy(), setWindowRect: true, strictFileInteractability: false, timeouts: {implicit: 0, pageLoad: 300000, script: 30000}, unhandledPromptBehavior: dismiss and notify, webauthn:virtualAuthenticators: true}
Session ID: dfddf89b363dfdfa818f6e7249705c5d">
      <![CDATA[org.openqa.selenium.NoSuchWindowException: no such window: target window already closed
from unknown error: web view not found
  (Session info: chrome=83.0.4103.116)
Build info: version: '3.141.59', revision: 'e82be7d358', time: '2018-11-14T08:17:03'
System info: host: 'MyMacs-MBP-2.fios-router.home', ip: '192.168.1.167', os.name: 'Mac OS X', os.arch: 'x86_64', os.version: '10.13.6', java.version: '1.8.0_251'
Driver info: org.openqa.selenium.chrome.ChromeDriver
Capabilities {acceptInsecureCerts: false, browserName: chrome, browserVersion: 83.0.4103.116, chrome: {chromedriverVersion: 83.0.4103.39 (ccbf011cb2d2b..., userDataDir: /var/folders/2z/z5lj_rjd6dv...}, goog:chromeOptions: {debuggerAddress: localhost:53868}, javascriptEnabled: true, networkConnectionEnabled: false, pageLoadStrategy: normal, platform: MAC, platformName: MAC, proxy: Proxy(), setWindowRect: true, strictFileInteractability: false, timeouts: {implicit: 0, pageLoad: 300000, script: 30000}, unhandledPromptBehavior: dismiss and notify, webauthn:virtualAuthenticators: true}
Session ID: dfddf89b363dfdfa818f6e7249705c5d
	at org.openqa.selenium.remote.http.W3CHttpResponseCodec.createException(W3CHttpResponseCodec.java:187)
	at org.openqa.selenium.remote.http.W3CHttpResponseCodec.decode(W3CHttpResponseCodec.java:122)
	at org.openqa.selenium.remote.http.W3CHttpResponseCodec.decode(W3CHttpResponseCodec.java:49)
	at org.openqa.selenium.remote.HttpCommandExecutor.execute(HttpCommandExecutor.java:158)
	at org.openqa.selenium.remote.service.DriverCommandExecutor.execute(DriverCommandExecutor.java:83)
	at org.openqa.selenium.remote.RemoteWebDriver.execute(RemoteWebDriver.java:552)
	at org.openqa.selenium.remote.RemoteWebDriver.execute(RemoteWebDriver.java:609)
	at org.openqa.selenium.remote.RemoteWebDriver.getTitle(RemoteWebDriver.java:281)
	at com.qa.verizonwireless.util.ElementUtil.waitForGetPageTitle(ElementUtil.java:144)
	at com.qa.verizonwireless.pages.FinalPage.finalPageTitle(FinalPage.java:28)
	at com.qa.verizonwireless.tests.FinalPageTest.FinalPageVerify(FinalPageTest.java:43)
... Removed 27 stack frames]]>
    </failure>
  </testcase> <!-- FinalPageVerify -->
  <testcase name="VerifySelectedPhone" time="0.006" classname="com.qa.verizonwireless.tests.FinalPageTest">
    <failure type="java.lang.AssertionError" message="expected [Samsung Galaxy S20 5G UW] but found [null]">
      <![CDATA[java.lang.AssertionError: expected [Samsung Galaxy S20 5G UW] but found [null]
	at com.qa.verizonwireless.tests.FinalPageTest.VerifySelectedPhone(FinalPageTest.java:51)
... Removed 30 stack frames]]>
    </failure>
  </testcase> <!-- VerifySelectedPhone -->
  <testcase name="smartPhonePageVerify" time="0.036" classname="com.qa.verizonwireless.tests.SmartPhonePageTest"/>
  <testcase name="samsungPhoneClick" time="1.09" classname="com.qa.verizonwireless.tests.SmartPhonePageTest"/>
  <testcase name="verifyMainPageTitleTest" time="0.008" classname="com.qa.verizonwireless.tests.MainPageTest">
    <failure type="java.lang.AssertionError" message="expected [Verizon Wireless, Smartphone Deals &amp;amp; Plans | First to 5G] but found [www.verizonwireless.com]">
      <![CDATA[java.lang.AssertionError: expected [Verizon Wireless, Smartphone Deals & Plans | First to 5G] but found [www.verizonwireless.com]
	at com.qa.verizonwireless.tests.MainPageTest.verifyMainPageTitleTest(MainPageTest.java:38)
... Removed 30 stack frames]]>
    </failure>
  </testcase> <!-- verifyMainPageTitleTest -->
  <testcase name="phoneToSmartClick" time="20.049" classname="com.qa.verizonwireless.tests.MainPageTest">
    <failure type="org.openqa.selenium.NoSuchElementException" message="no such element: Unable to locate element: {&amp;quot;method&amp;quot;:&amp;quot;xpath&amp;quot;,&amp;quot;selector&amp;quot;:&amp;quot;//*[@id=&amp;apos;secondLevel0&amp;apos;]/child::span&amp;quot;}
  (Session info: chrome=83.0.4103.116)
For documentation on this error, please visit: https://www.seleniumhq.org/exceptions/no_such_element.html
Build info: version: &amp;apos;3.141.59&amp;apos;, revision: &amp;apos;e82be7d358&amp;apos;, time: &amp;apos;2018-11-14T08:17:03&amp;apos;
System info: host: &amp;apos;MyMacs-MBP-2.fios-router.home&amp;apos;, ip: &amp;apos;192.168.1.167&amp;apos;, os.name: &amp;apos;Mac OS X&amp;apos;, os.arch: &amp;apos;x86_64&amp;apos;, os.version: &amp;apos;10.13.6&amp;apos;, java.version: &amp;apos;1.8.0_251&amp;apos;
Driver info: org.openqa.selenium.chrome.ChromeDriver
Capabilities {acceptInsecureCerts: false, browserName: chrome, browserVersion: 83.0.4103.116, chrome: {chromedriverVersion: 83.0.4103.39 (ccbf011cb2d2b..., userDataDir: /var/folders/2z/z5lj_rjd6dv...}, goog:chromeOptions: {debuggerAddress: localhost:55732}, javascriptEnabled: true, networkConnectionEnabled: false, pageLoadStrategy: normal, platform: MAC, platformName: MAC, proxy: Proxy(), setWindowRect: true, strictFileInteractability: false, timeouts: {implicit: 0, pageLoad: 300000, script: 30000}, unhandledPromptBehavior: dismiss and notify, webauthn:virtualAuthenticators: true}
Session ID: 5fe30423d0170f6605a4235d2e17e44e
*** Element info: {Using=xpath, value=//*[@id=&amp;apos;secondLevel0&amp;apos;]/child::span}">
      <![CDATA[org.openqa.selenium.NoSuchElementException: no such element: Unable to locate element: {"method":"xpath","selector":"//*[@id='secondLevel0']/child::span"}
  (Session info: chrome=83.0.4103.116)
For documentation on this error, please visit: https://www.seleniumhq.org/exceptions/no_such_element.html
Build info: version: '3.141.59', revision: 'e82be7d358', time: '2018-11-14T08:17:03'
System info: host: 'MyMacs-MBP-2.fios-router.home', ip: '192.168.1.167', os.name: 'Mac OS X', os.arch: 'x86_64', os.version: '10.13.6', java.version: '1.8.0_251'
Driver info: org.openqa.selenium.chrome.ChromeDriver
Capabilities {acceptInsecureCerts: false, browserName: chrome, browserVersion: 83.0.4103.116, chrome: {chromedriverVersion: 83.0.4103.39 (ccbf011cb2d2b..., userDataDir: /var/folders/2z/z5lj_rjd6dv...}, goog:chromeOptions: {debuggerAddress: localhost:55732}, javascriptEnabled: true, networkConnectionEnabled: false, pageLoadStrategy: normal, platform: MAC, platformName: MAC, proxy: Proxy(), setWindowRect: true, strictFileInteractability: false, timeouts: {implicit: 0, pageLoad: 300000, script: 30000}, unhandledPromptBehavior: dismiss and notify, webauthn:virtualAuthenticators: true}
Session ID: 5fe30423d0170f6605a4235d2e17e44e
*** Element info: {Using=xpath, value=//*[@id='secondLevel0']/child::span}
	at org.openqa.selenium.remote.http.W3CHttpResponseCodec.createException(W3CHttpResponseCodec.java:187)
	at org.openqa.selenium.remote.http.W3CHttpResponseCodec.decode(W3CHttpResponseCodec.java:122)
	at org.openqa.selenium.remote.http.W3CHttpResponseCodec.decode(W3CHttpResponseCodec.java:49)
	at org.openqa.selenium.remote.HttpCommandExecutor.execute(HttpCommandExecutor.java:158)
	at org.openqa.selenium.remote.service.DriverCommandExecutor.execute(DriverCommandExecutor.java:83)
	at org.openqa.selenium.remote.RemoteWebDriver.execute(RemoteWebDriver.java:552)
	at org.openqa.selenium.remote.RemoteWebDriver.findElement(RemoteWebDriver.java:323)
	at org.openqa.selenium.remote.RemoteWebDriver.findElementByXPath(RemoteWebDriver.java:428)
	at org.openqa.selenium.By$ByXPath.findElement(By.java:353)
	at org.openqa.selenium.remote.RemoteWebDriver.findElement(RemoteWebDriver.java:315)
	at com.qa.verizonwireless.util.ElementUtil.moveToElement(ElementUtil.java:154)
	at com.qa.verizonwireless.pages.MainPage.phoneToClick(MainPage.java:37)
	at com.qa.verizonwireless.tests.MainPageTest.phoneToSmartClick(MainPageTest.java:46)
... Removed 28 stack frames]]>
    </failure>
  </testcase> <!-- phoneToSmartClick -->
</testsuite> <!-- Verizon Wireless Regresiion Test Suite -->
